<?xml version="1.0" encoding="utf-8"?>
<TestRun id="f8a747fb-57c9-4576-aa2b-1bfd72cc3d87" name="mvazinia@MVB-PC 2026-06-15 22:58:49" runUser="MVB-PC\mvazinia" xmlns="http://microsoft.com/schemas/VisualStudio/TeamTest/2010">
  <Times creation="2026-06-15T22:58:49.8657880-07:00" queuing="2026-06-15T22:58:49.8657889-07:00" start="2026-06-15T22:58:46.0022633-07:00" finish="2026-06-15T22:58:49.8824215-07:00" />
  <TestSettings name="default" id="de6474c3-94d2-49f9-9d0f-cd667a2aaea4">
    <Deployment runDeploymentRoot="mvazinia_MVB-PC_2026-06-15_22_58_49" />
  </TestSettings>
  <Results>
    <UnitTestResult executionId="8857e95f-e413-4699-8cf8-a897dca26106" testId="79da0d7d-cc2b-9d68-0cbe-f0db0a471018" testName="WorkSafeBC.Claims.Tests.Architecture.CleanArchitectureTests.Infrastructure_Should_Not_Depend_On_Worker" computerName="MVB-PC" duration="00:00:00.0145696" startTime="2026-06-15T22:58:49.2597251-07:00" endTime="2026-06-15T22:58:49.2739617-07:00" testType="13cdc9d9-ddb5-4fa4-a97d-d965ccfc6d4b" outcome="Passed" testListId="8c84fa94-04c1-424b-9868-57a2d4851a1d" relativeResultsDirectory="8857e95f-e413-4699-8cf8-a897dca26106" />
    <UnitTestResult executionId="c7ee61a2-6aba-4059-ae00-2ea795ca1586" testId="2b853e12-299c-19ee-736d-2251b34afa6e" testName="WorkSafeBC.Claims.Tests.Architecture.CleanArchitectureTests.Application_Handlers_Should_Implement_CommandHandler_Contract" computerName="MVB-PC" duration="00:00:00.2325024" startTime="2026-06-15T22:58:48.7555575-07:00" endTime="2026-06-15T22:58:49.0118345-07:00" testType="13cdc9d9-ddb5-4fa4-a97d-d965ccfc6d4b" outcome="Passed" testListId="8c84fa94-04c1-424b-9868-57a2d4851a1d" relativeResultsDirectory="c7ee61a2-6aba-4059-ae00-2ea795ca1586" />
    <UnitTestResult executionId="52b7742c-28ba-40ae-867c-12287c10de1a" testId="2909f354-2bae-1373-deea-8856e60050b4" testName="WorkSafeBC.Claims.Tests.Architecture.CleanArchitectureTests.Application_Should_Not_Depend_On_Worker_Or_Infrastructure" computerName="MVB-PC" duration="00:00:00.0270516" startTime="2026-06-15T22:58:49.1972172-07:00" endTime="2026-06-15T22:58:49.2232310-07:00" testType="13cdc9d9-ddb5-4fa4-a97d-d965ccfc6d4b" outcome="Passed" testListId="8c84fa94-04c1-424b-9868-57a2d4851a1d" relativeResultsDirectory="52b7742c-28ba-40ae-867c-12287c10de1a" />
    <UnitTestResult executionId="bf0ac6bc-e854-411a-9a89-cfc3036a5787" testId="7bf909d6-e380-a7b1-1971-d1f76520b2fe" testName="WorkSafeBC.Claims.Tests.Architecture.CleanArchitectureTests.Infrastructure_Adapters_Should_Implement_Application_Interfaces" computerName="MVB-PC" duration="00:00:00.0420124" startTime="2026-06-15T22:58:49.0414295-07:00" endTime="2026-06-15T22:58:49.0555559-07:00" testType="13cdc9d9-ddb5-4fa4-a97d-d965ccfc6d4b" outcome="Passed" testListId="8c84fa94-04c1-424b-9868-57a2d4851a1d" relativeResultsDirectory="bf0ac6bc-e854-411a-9a89-cfc3036a5787" />
    <UnitTestResult executionId="a88e52e2-876a-4014-be15-69a1fc00ae80" testId="a0cef254-8087-4329-bb7f-2fc5462709e8" testName="WorkSafeBC.Claims.Tests.Architecture.CleanArchitectureTests.Domain_Should_Not_Depend_On_Application_Or_Worker_Assemblies" computerName="MVB-PC" duration="00:00:00.0025369" startTime="2026-06-15T22:58:49.2571121-07:00" endTime="2026-06-15T22:58:49.2592155-07:00" testType="13cdc9d9-ddb5-4fa4-a97d-d965ccfc6d4b" outcome="Passed" testListId="8c84fa94-04c1-424b-9868-57a2d4851a1d" relativeResultsDirectory="a88e52e2-876a-4014-be15-69a1fc00ae80" />
    <UnitTestResult executionId="cb5060b7-7bf4-4e55-9281-bf2989411e04" testId="59a4ec9d-3829-ae09-ce76-738f8eb6b21b" testName="WorkSafeBC.Claims.Tests.Architecture.CleanArchitectureTests.Domain_Should_Not_Depend_On_Infrastructure_Packages" computerName="MVB-PC" duration="00:00:00.0331251" startTime="2026-06-15T22:58:49.2238828-07:00" endTime="2026-06-15T22:58:49.2565296-07:00" testType="13cdc9d9-ddb5-4fa4-a97d-d965ccfc6d4b" outcome="Passed" testListId="8c84fa94-04c1-424b-9868-57a2d4851a1d" relativeResultsDirectory="cb5060b7-7bf4-4e55-9281-bf2989411e04" />
    <UnitTestResult executionId="28988330-b109-4f13-9e30-1f3b876a846a" testId="d99f6aa6-1c19-5d2e-eeff-840906b73b25" testName="WorkSafeBC.Claims.Tests.Architecture.CleanArchitectureTests.Worker_Should_Not_Reference_Infrastructure_Implementation_Namespaces_Directly" computerName="MVB-PC" duration="00:00:00.1400381" startTime="2026-06-15T22:58:49.0579790-07:00" endTime="2026-06-15T22:58:49.1959462-07:00" testType="13cdc9d9-ddb5-4fa4-a97d-d965ccfc6d4b" outcome="Passed" testListId="8c84fa94-04c1-424b-9868-57a2d4851a1d" relativeResultsDirectory="28988330-b109-4f13-9e30-1f3b876a846a" />
  </Results>
  <TestDefinitions>
    <UnitTest name="WorkSafeBC.Claims.Tests.Architecture.CleanArchitectureTests.Domain_Should_Not_Depend_On_Infrastructure_Packages" storage="c:\mvb\projects\ws\prj1\tests\worksafebc.claims.tests.architecture\bin\release\net10.0\worksafebc.claims.tests.architecture.dll" id="59a4ec9d-3829-ae09-ce76-738f8eb6b21b">
      <Execution id="cb5060b7-7bf4-4e55-9281-bf2989411e04" />
      <TestMethod codeBase="C:\MVB\Projects\WS\prj1\tests\WorkSafeBC.Claims.Tests.Architecture\bin\Release\net10.0\WorkSafeBC.Claims.Tests.Architecture.dll" adapterTypeName="executor://xunit/VsTestRunner3/netcore/" className="WorkSafeBC.Claims.Tests.Architecture.CleanArchitectureTests" name="Domain_Should_Not_Depend_On_Infrastructure_Packages" />
    </UnitTest>
    <UnitTest name="WorkSafeBC.Claims.Tests.Architecture.CleanArchitectureTests.Infrastructure_Adapters_Should_Implement_Application_Interfaces" storage="c:\mvb\projects\ws\prj1\tests\worksafebc.claims.tests.architecture\bin\release\net10.0\worksafebc.claims.tests.architecture.dll" id="7bf909d6-e380-a7b1-1971-d1f76520b2fe">
      <Execution id="bf0ac6bc-e854-411a-9a89-cfc3036a5787" />
      <TestMethod codeBase="C:\MVB\Projects\WS\prj1\tests\WorkSafeBC.Claims.Tests.Architecture\bin\Release\net10.0\WorkSafeBC.Claims.Tests.Architecture.dll" adapterTypeName="executor://xunit/VsTestRunner3/netcore/" className="WorkSafeBC.Claims.Tests.Architecture.CleanArchitectureTests" name="Infrastructure_Adapters_Should_Implement_Application_Interfaces" />
    </UnitTest>
    <UnitTest name="WorkSafeBC.Claims.Tests.Architecture.CleanArchitectureTests.Infrastructure_Should_Not_Depend_On_Worker" storage="c:\mvb\projects\ws\prj1\tests\worksafebc.claims.tests.architecture\bin\release\net10.0\worksafebc.claims.tests.architecture.dll" id="79da0d7d-cc2b-9d68-0cbe-f0db0a471018">
      <Execution id="8857e95f-e413-4699-8cf8-a897dca26106" />
      <TestMethod codeBase="C:\MVB\Projects\WS\prj1\tests\WorkSafeBC.Claims.Tests.Architecture\bin\Release\net10.0\WorkSafeBC.Claims.Tests.Architecture.dll" adapterTypeName="executor://xunit/VsTestRunner3/netcore/" className="WorkSafeBC.Claims.Tests.Architecture.CleanArchitectureTests" name="Infrastructure_Should_Not_Depend_On_Worker" />
    </UnitTest>
    <UnitTest name="WorkSafeBC.Claims.Tests.Architecture.CleanArchitectureTests.Worker_Should_Not_Reference_Infrastructure_Implementation_Namespaces_Directly" storage="c:\mvb\projects\ws\prj1\tests\worksafebc.claims.tests.architecture\bin\release\net10.0\worksafebc.claims.tests.architecture.dll" id="d99f6aa6-1c19-5d2e-eeff-840906b73b25">
      <Execution id="28988330-b109-4f13-9e30-1f3b876a846a" />
      <TestMethod codeBase="C:\MVB\Projects\WS\prj1\tests\WorkSafeBC.Claims.Tests.Architecture\bin\Release\net10.0\WorkSafeBC.Claims.Tests.Architecture.dll" adapterTypeName="executor://xunit/VsTestRunner3/netcore/" className="WorkSafeBC.Claims.Tests.Architecture.CleanArchitectureTests" name="Worker_Should_Not_Reference_Infrastructure_Implementation_Namespaces_Directly" />
    </UnitTest>
    <UnitTest name="WorkSafeBC.Claims.Tests.Architecture.CleanArchitectureTests.Application_Handlers_Should_Implement_CommandHandler_Contract" storage="c:\mvb\projects\ws\prj1\tests\worksafebc.claims.tests.architecture\bin\release\net10.0\worksafebc.claims.tests.architecture.dll" id="2b853e12-299c-19ee-736d-2251b34afa6e">
      <Execution id="c7ee61a2-6aba-4059-ae00-2ea795ca1586" />
      <TestMethod codeBase="C:\MVB\Projects\WS\prj1\tests\WorkSafeBC.Claims.Tests.Architecture\bin\Release\net10.0\WorkSafeBC.Claims.Tests.Architecture.dll" adapterTypeName="executor://xunit/VsTestRunner3/netcore/" className="WorkSafeBC.Claims.Tests.Architecture.CleanArchitectureTests" name="Application_Handlers_Should_Implement_CommandHandler_Contract" />
    </UnitTest>
    <UnitTest name="WorkSafeBC.Claims.Tests.Architecture.CleanArchitectureTests.Domain_Should_Not_Depend_On_Application_Or_Worker_Assemblies" storage="c:\mvb\projects\ws\prj1\tests\worksafebc.claims.tests.architecture\bin\release\net10.0\worksafebc.claims.tests.architecture.dll" id="a0cef254-8087-4329-bb7f-2fc5462709e8">
      <Execution id="a88e52e2-876a-4014-be15-69a1fc00ae80" />
      <TestMethod codeBase="C:\MVB\Projects\WS\prj1\tests\WorkSafeBC.Claims.Tests.Architecture\bin\Release\net10.0\WorkSafeBC.Claims.Tests.Architecture.dll" adapterTypeName="executor://xunit/VsTestRunner3/netcore/" className="WorkSafeBC.Claims.Tests.Architecture.CleanArchitectureTests" name="Domain_Should_Not_Depend_On_Application_Or_Worker_Assemblies" />
    </UnitTest>
    <UnitTest name="WorkSafeBC.Claims.Tests.Architecture.CleanArchitectureTests.Application_Should_Not_Depend_On_Worker_Or_Infrastructure" storage="c:\mvb\projects\ws\prj1\tests\worksafebc.claims.tests.architecture\bin\release\net10.0\worksafebc.claims.tests.architecture.dll" id="2909f354-2bae-1373-deea-8856e60050b4">
      <Execution id="52b7742c-28ba-40ae-867c-12287c10de1a" />
      <TestMethod codeBase="C:\MVB\Projects\WS\prj1\tests\WorkSafeBC.Claims.Tests.Architecture\bin\Release\net10.0\WorkSafeBC.Claims.Tests.Architecture.dll" adapterTypeName="executor://xunit/VsTestRunner3/netcore/" className="WorkSafeBC.Claims.Tests.Architecture.CleanArchitectureTests" name="Application_Should_Not_Depend_On_Worker_Or_Infrastructure" />
    </UnitTest>
  </TestDefinitions>
  <TestEntries>
    <TestEntry testId="79da0d7d-cc2b-9d68-0cbe-f0db0a471018" executionId="8857e95f-e413-4699-8cf8-a897dca26106" testListId="8c84fa94-04c1-424b-9868-57a2d4851a1d" />
    <TestEntry testId="2b853e12-299c-19ee-736d-2251b34afa6e" executionId="c7ee61a2-6aba-4059-ae00-2ea795ca1586" testListId="8c84fa94-04c1-424b-9868-57a2d4851a1d" />
    <TestEntry testId="2909f354-2bae-1373-deea-8856e60050b4" executionId="52b7742c-28ba-40ae-867c-12287c10de1a" testListId="8c84fa94-04c1-424b-9868-57a2d4851a1d" />
    <TestEntry testId="7bf909d6-e380-a7b1-1971-d1f76520b2fe" executionId="bf0ac6bc-e854-411a-9a89-cfc3036a5787" testListId="8c84fa94-04c1-424b-9868-57a2d4851a1d" />
    <TestEntry testId="a0cef254-8087-4329-bb7f-2fc5462709e8" executionId="a88e52e2-876a-4014-be15-69a1fc00ae80" testListId="8c84fa94-04c1-424b-9868-57a2d4851a1d" />
    <TestEntry testId="59a4ec9d-3829-ae09-ce76-738f8eb6b21b" executionId="cb5060b7-7bf4-4e55-9281-bf2989411e04" testListId="8c84fa94-04c1-424b-9868-57a2d4851a1d" />
    <TestEntry testId="d99f6aa6-1c19-5d2e-eeff-840906b73b25" executionId="28988330-b109-4f13-9e30-1f3b876a846a" testListId="8c84fa94-04c1-424b-9868-57a2d4851a1d" />
  </TestEntries>
  <TestLists>
    <TestList name="Results Not in a List" id="8c84fa94-04c1-424b-9868-57a2d4851a1d" />
    <TestList name="All Loaded Results" id="19431567-8539-422a-85d7-44ee4e166bda" />
  </TestLists>
  <ResultSummary outcome="Completed">
    <Counters total="7" executed="7" passed="7" failed="0" error="0" timeout="0" aborted="0" inconclusive="0" passedButRunAborted="0" notRunnable="0" notExecuted="0" disconnected="0" warning="0" completed="0" inProgress="0" pending="0" />
    <Output>
      <StdOut>[xUnit.net 00:00:00.01] xUnit.net VSTest Adapter v3.1.4+50e68bbb8b (64-bit .NET 10.0.8)&#xD;
[xUnit.net 00:00:00.32]   Discovering: WorkSafeBC.Claims.Tests.Architecture&#xD;
[xUnit.net 00:00:00.46]   Discovered:  WorkSafeBC.Claims.Tests.Architecture&#xD;
[xUnit.net 00:00:00.54]   Starting:    WorkSafeBC.Claims.Tests.Architecture&#xD;
     Warning:&#xD;
     The component "Fluent Assertions" is governed by the rules defined in the Xceed License Agreement and&#xD;
     the Xceed Fluent Assertions Community License. You may use Fluent Assertions free of charge for&#xD;
     non-commercial use only. An active subscription is required to use Fluent Assertions for commercial use.&#xD;
     Please contact Xceed Sales mailto:sales@xceed.com to acquire a subscription at a very low cost.&#xD;
     A paid commercial license supports the development and continued increasing support of&#xD;
     Fluent Assertions users under both commercial and community licenses. Help us&#xD;
     keep Fluent Assertions at the forefront of unit testing.&#xD;
     For more information, visit https://xceed.com/products/unit-testing/fluent-assertions/&#xD;
[xUnit.net 00:00:01.17]   Finished:    WorkSafeBC.Claims.Tests.Architecture&#xD;
</StdOut>
    </Output>
  </ResultSummary>
</TestRun>