<?xml version="1.0" encoding="utf-8"?>
<TestRun id="97ef0616-3e41-4279-a7fb-58dc79058e95" name="mvazinia@MVB-PC 2026-06-15 22:58:56" runUser="MVB-PC\mvazinia" xmlns="http://microsoft.com/schemas/VisualStudio/TeamTest/2010">
  <Times creation="2026-06-15T22:58:56.8202591-07:00" queuing="2026-06-15T22:58:56.8202597-07:00" start="2026-06-15T22:58:53.3834232-07:00" finish="2026-06-15T22:58:56.8413914-07:00" />
  <TestSettings name="default" id="734e924c-ad55-4193-9e50-f33ef584d68c">
    <Deployment runDeploymentRoot="mvazinia_MVB-PC_2026-06-15_22_58_56" />
  </TestSettings>
  <Results>
    <UnitTestResult executionId="f6b93516-4dc7-4512-a4e6-1016daa4c2d8" testId="9eb1405d-134e-696f-dba2-5c088e601e20" testName="WorkSafeBC.Claims.Tests.Contract.PactClaimPublishedEventContractTests.ClaimIngestionEvent_Should_Serialize_All_Required_Fields" computerName="MVB-PC" duration="00:00:00.0035435" startTime="2026-06-15T22:58:56.3911371-07:00" endTime="2026-06-15T22:58:56.3913517-07:00" testType="13cdc9d9-ddb5-4fa4-a97d-d965ccfc6d4b" outcome="Passed" testListId="8c84fa94-04c1-424b-9868-57a2d4851a1d" relativeResultsDirectory="f6b93516-4dc7-4512-a4e6-1016daa4c2d8" />
    <UnitTestResult executionId="c1824fea-1a98-42b1-818b-3d3983b58531" testId="0de1c40e-6342-09ba-91d7-d73529b570c9" testName="WorkSafeBC.Claims.Tests.Contract.PactClaimPublishedEventContractTests.ClaimIngestionEvent_Should_Preserve_Stable_Field_Formats" computerName="MVB-PC" duration="00:00:00.0045017" startTime="2026-06-15T22:58:56.3928014-07:00" endTime="2026-06-15T22:58:56.3929238-07:00" testType="13cdc9d9-ddb5-4fa4-a97d-d965ccfc6d4b" outcome="Passed" testListId="8c84fa94-04c1-424b-9868-57a2d4851a1d" relativeResultsDirectory="c1824fea-1a98-42b1-818b-3d3983b58531" />
    <UnitTestResult executionId="cff81eb2-bc6a-480e-bf7c-980f0e87387d" testId="8222996b-1859-704b-ad84-db2c60867857" testName="WorkSafeBC.Claims.Tests.Contract.PactClaimPublishedEventContractTests.ClaimIngestionEvent_Should_Generate_MessagePact_For_Published_Event" computerName="MVB-PC" duration="00:00:00.4010443" startTime="2026-06-15T22:58:55.9394375-07:00" endTime="2026-06-15T22:58:56.3597947-07:00" testType="13cdc9d9-ddb5-4fa4-a97d-d965ccfc6d4b" outcome="Passed" testListId="8c84fa94-04c1-424b-9868-57a2d4851a1d" relativeResultsDirectory="cff81eb2-bc6a-480e-bf7c-980f0e87387d" />
  </Results>
  <TestDefinitions>
    <UnitTest name="WorkSafeBC.Claims.Tests.Contract.PactClaimPublishedEventContractTests.ClaimIngestionEvent_Should_Serialize_All_Required_Fields" storage="c:\mvb\projects\ws\prj1\tests\worksafebc.claims.tests.contract\bin\release\net10.0\worksafebc.claims.tests.contract.dll" id="9eb1405d-134e-696f-dba2-5c088e601e20">
      <Execution id="f6b93516-4dc7-4512-a4e6-1016daa4c2d8" />
      <TestMethod codeBase="C:\MVB\Projects\WS\prj1\tests\WorkSafeBC.Claims.Tests.Contract\bin\Release\net10.0\WorkSafeBC.Claims.Tests.Contract.dll" adapterTypeName="executor://xunit/VsTestRunner3/netcore/" className="WorkSafeBC.Claims.Tests.Contract.PactClaimPublishedEventContractTests" name="ClaimIngestionEvent_Should_Serialize_All_Required_Fields" />
    </UnitTest>
    <UnitTest name="WorkSafeBC.Claims.Tests.Contract.PactClaimPublishedEventContractTests.ClaimIngestionEvent_Should_Generate_MessagePact_For_Published_Event" storage="c:\mvb\projects\ws\prj1\tests\worksafebc.claims.tests.contract\bin\release\net10.0\worksafebc.claims.tests.contract.dll" id="8222996b-1859-704b-ad84-db2c60867857">
      <Execution id="cff81eb2-bc6a-480e-bf7c-980f0e87387d" />
      <TestMethod codeBase="C:\MVB\Projects\WS\prj1\tests\WorkSafeBC.Claims.Tests.Contract\bin\Release\net10.0\WorkSafeBC.Claims.Tests.Contract.dll" adapterTypeName="executor://xunit/VsTestRunner3/netcore/" className="WorkSafeBC.Claims.Tests.Contract.PactClaimPublishedEventContractTests" name="ClaimIngestionEvent_Should_Generate_MessagePact_For_Published_Event" />
    </UnitTest>
    <UnitTest name="WorkSafeBC.Claims.Tests.Contract.PactClaimPublishedEventContractTests.ClaimIngestionEvent_Should_Preserve_Stable_Field_Formats" storage="c:\mvb\projects\ws\prj1\tests\worksafebc.claims.tests.contract\bin\release\net10.0\worksafebc.claims.tests.contract.dll" id="0de1c40e-6342-09ba-91d7-d73529b570c9">
      <Execution id="c1824fea-1a98-42b1-818b-3d3983b58531" />
      <TestMethod codeBase="C:\MVB\Projects\WS\prj1\tests\WorkSafeBC.Claims.Tests.Contract\bin\Release\net10.0\WorkSafeBC.Claims.Tests.Contract.dll" adapterTypeName="executor://xunit/VsTestRunner3/netcore/" className="WorkSafeBC.Claims.Tests.Contract.PactClaimPublishedEventContractTests" name="ClaimIngestionEvent_Should_Preserve_Stable_Field_Formats" />
    </UnitTest>
  </TestDefinitions>
  <TestEntries>
    <TestEntry testId="9eb1405d-134e-696f-dba2-5c088e601e20" executionId="f6b93516-4dc7-4512-a4e6-1016daa4c2d8" testListId="8c84fa94-04c1-424b-9868-57a2d4851a1d" />
    <TestEntry testId="0de1c40e-6342-09ba-91d7-d73529b570c9" executionId="c1824fea-1a98-42b1-818b-3d3983b58531" testListId="8c84fa94-04c1-424b-9868-57a2d4851a1d" />
    <TestEntry testId="8222996b-1859-704b-ad84-db2c60867857" executionId="cff81eb2-bc6a-480e-bf7c-980f0e87387d" testListId="8c84fa94-04c1-424b-9868-57a2d4851a1d" />
  </TestEntries>
  <TestLists>
    <TestList name="Results Not in a List" id="8c84fa94-04c1-424b-9868-57a2d4851a1d" />
    <TestList name="All Loaded Results" id="19431567-8539-422a-85d7-44ee4e166bda" />
  </TestLists>
  <ResultSummary outcome="Completed">
    <Counters total="3" executed="3" passed="3" failed="0" error="0" timeout="0" aborted="0" inconclusive="0" passedButRunAborted="0" notRunnable="0" notExecuted="0" disconnected="0" warning="0" completed="0" inProgress="0" pending="0" />
    <Output>
      <StdOut>[xUnit.net 00:00:00.00] xUnit.net VSTest Adapter v3.1.4+50e68bbb8b (64-bit .NET 10.0.8)&#xD;
[xUnit.net 00:00:00.30]   Discovering: WorkSafeBC.Claims.Tests.Contract&#xD;
[xUnit.net 00:00:00.40]   Discovered:  WorkSafeBC.Claims.Tests.Contract&#xD;
[xUnit.net 00:00:00.46]   Starting:    WorkSafeBC.Claims.Tests.Contract&#xD;
     Warning:&#xD;
     The component "Fluent Assertions" is governed by the rules defined in the Xceed License Agreement and&#xD;
     the Xceed Fluent Assertions Community License. You may use Fluent Assertions free of charge for&#xD;
     non-commercial use only. An active subscription is required to use Fluent Assertions for commercial use.&#xD;
     Please contact Xceed Sales mailto:sales@xceed.com to acquire a subscription at a very low cost.&#xD;
     A paid commercial license supports the development and continued increasing support of&#xD;
     Fluent Assertions users under both commercial and community licenses. Help us&#xD;
     keep Fluent Assertions at the forefront of unit testing.&#xD;
     For more information, visit https://xceed.com/products/unit-testing/fluent-assertions/&#xD;
[xUnit.net 00:00:00.98]   Finished:    WorkSafeBC.Claims.Tests.Contract&#xD;
</StdOut>
    </Output>
  </ResultSummary>
</TestRun>